{
  "RSpec": {
    "coverage": {
      "/Users/Silver/turing/2module/turing_projects/LaughTracks/config/environment.rb": [
        1,
        1,
        null,
        null,
        1,
        null,
        null,
        2,
        null,
        null,
        3,
        null,
        null,
        1,
        null,
        null,
        1,
        1,
        1,
        1,
        1,
        null,
        null
      ],
      "/Users/Silver/turing/2module/turing_projects/LaughTracks/app/controllers/laugh_tracks_app.rb": [
        1,
        null,
        1,
        null,
        null,
        1,
        1,
        null,
        null,
        null,
        null,
        null,
        1,
        2,
        2,
        null,
        null
      ],
      "/Users/Silver/turing/2module/turing_projects/LaughTracks/app/models/comedian.rb": [
        1,
        1,
        null,
        1,
        null,
        null
      ],
      "/Users/Silver/turing/2module/turing_projects/LaughTracks/app/models/special.rb": [
        1,
        1,
        null,
        1,
        null,
        null,
        null
      ],
      "/Users/Silver/turing/2module/turing_projects/LaughTracks/config/database.rb": [
        null,
        1,
        1,
        null,
        null,
        1,
        1,
        null,
        null,
        null,
        null,
        null,
        null,
        null
      ],
      "/Users/Silver/turing/2module/turing_projects/LaughTracks/spec/features/comedians_page_spec.rb": [
        1,
        null,
        1,
        1,
        1,
        1,
        null,
        1,
        1,
        1,
        1,
        null,
        1,
        null,
        1,
        4,
        4,
        4,
        null,
        null,
        null,
        null,
        1,
        1,
        1,
        1,
        null,
        1,
        1,
        1,
        null,
        1,
        1,
        1,
        null,
        1,
        1,
        1,
        null,
        null,
        1,
        null,
        1,
        1,
        0,
        null,
        null,
        null,
        null,
        null,
        null,
        null,
        null
      ],
      "/Users/Silver/turing/2module/turing_projects/LaughTracks/spec/models/comedian_spec.rb": [
        1,
        null,
        1,
        1,
        1,
        1,
        1,
        1,
        null,
        null,
        1,
        1,
        1,
        null,
        null,
        null,
        null
      ],
      "/Users/Silver/turing/2module/turing_projects/LaughTracks/spec/models/special_spec.rb": [
        1,
        1,
        1,
        1,
        1,
        1,
        null,
        null,
        null,
        null
      ]
    },
    "timestamp": 1538760352
  }
}
